<?xml version="1.0" encoding="UTF-8"?>
<!-- Generated by org.testng.reporters.JUnitXMLReporter -->
<testsuite ignored="0" hostname="jgsraj-pc" failures="0" tests="5" name="Test" time="75.132" errors="0" timestamp="30 May 2018 14:37:43 GMT">
  <testcase classname="productTest.MobTitVerAndSort" name="creatAccShareWishList" time="14.311"/>
  <testcase classname="productTest.MobTitVerAndSort" name="mobAddToCart" time="9.687"/>
  <testcase classname="productTest.MobTitVerAndSort" name="mobCompare" time="4.774"/>
  <testcase classname="productTest.MobTitVerAndSort" name="mobCostVer" time="1.837"/>
  <testcase classname="productTest.MobTitVerAndSort" name="mobileSort" time="2.485"/>
</testsuite> <!-- Test -->
